<?xml version="1.0" encoding="UTF-8"?>
<!-- Generated by org.testng.reporters.JUnitReportReporter -->
<testsuite hostname="DESKTOP-TO242J3" failures="0" tests="2" name="com.testng.SimpleAnnotation" time="0.023" errors="0" timestamp="2022-03-04T10:12:56 IST" skipped="0">
  <testcase classname="com.testng.SimpleAnnotation" name="password" time="0.018"/>
  <system-out/>
  <testcase classname="com.testng.SimpleAnnotation" name="userName" time="0.005"/>
  <system-out/>
</testsuite> <!-- com.testng.SimpleAnnotation -->
